<?xml version="1.0" encoding="UTF-8"?>
<coverage generated="1570696909968" clover="3.2.0">
  <project timestamp="1570696909969" name="All files">
    <metrics statements="158" coveredstatements="157" conditionals="102" coveredconditionals="101" methods="21" coveredmethods="20" elements="281" coveredelements="278" complexity="0" loc="158" ncloc="158" packages="1" files="3" classes="3"/>
    <file name="book.repository.js" path="C:\Users\Sam\Documents\Intégration\src\book.repository.js">
      <metrics statements="37" coveredstatements="37" conditionals="14" coveredconditionals="14" methods="8" coveredmethods="8"/>
      <line num="7" count="10" type="stmt"/>
      <line num="11" count="1" type="stmt"/>
      <line num="18" count="1" type="stmt"/>
      <line num="25" count="1" type="stmt"/>
      <line num="26" count="1" type="stmt"/>
      <line num="27" count="1" type="stmt"/>
      <line num="28" count="1" type="stmt"/>
      <line num="30" count="1" type="stmt"/>
      <line num="38" count="3" type="cond" truecount="2" falsecount="0"/>
      <line num="39" count="1" type="stmt"/>
      <line num="41" count="2" type="stmt"/>
      <line num="42" count="2" type="cond" truecount="2" falsecount="0"/>
      <line num="43" count="1" type="stmt"/>
      <line num="46" count="1" type="stmt"/>
      <line num="70" count="4" type="cond" truecount="2" falsecount="0"/>
      <line num="71" count="1" type="stmt"/>
      <line num="73" count="3" type="stmt"/>
      <line num="74" count="3" type="cond" truecount="2" falsecount="0"/>
      <line num="75" count="1" type="stmt"/>
      <line num="79" count="2" type="stmt"/>
      <line num="80" count="2" type="stmt"/>
      <line num="81" count="2" type="stmt"/>
      <line num="82" count="2" type="stmt"/>
      <line num="83" count="2" type="stmt"/>
      <line num="84" count="4" type="stmt"/>
      <line num="85" count="4" type="stmt"/>
      <line num="86" count="4" type="stmt"/>
      <line num="87" count="4" type="stmt"/>
      <line num="88" count="4" type="cond" truecount="4" falsecount="0"/>
      <line num="89" count="1" type="cond" truecount="2" falsecount="0"/>
      <line num="90" count="1" type="stmt"/>
      <line num="91" count="1" type="stmt"/>
      <line num="92" count="1" type="stmt"/>
      <line num="95" count="3" type="stmt"/>
      <line num="96" count="3" type="stmt"/>
      <line num="102" count="2" type="stmt"/>
      <line num="105" count="1" type="stmt"/>
    </file>
    <file name="interval.js" path="C:\Users\Sam\Documents\Intégration\src\interval.js">
      <metrics statements="69" coveredstatements="68" conditionals="54" coveredconditionals="53" methods="7" coveredmethods="6"/>
      <line num="3" count="62" type="stmt"/>
      <line num="4" count="62" type="stmt"/>
      <line num="8" count="0" type="stmt"/>
      <line num="26" count="2" type="cond" truecount="2" falsecount="0"/>
      <line num="46" count="4" type="cond" truecount="2" falsecount="0"/>
      <line num="66" count="5" type="stmt"/>
      <line num="67" count="5" type="stmt"/>
      <line num="68" count="5" type="cond" truecount="2" falsecount="0"/>
      <line num="69" count="1" type="stmt"/>
      <line num="71" count="4" type="cond" truecount="2" falsecount="0"/>
      <line num="72" count="1" type="stmt"/>
      <line num="75" count="3" type="cond" truecount="2" falsecount="0"/>
      <line num="76" count="1" type="stmt"/>
      <line num="79" count="2" type="stmt"/>
      <line num="81" count="3" type="cond" truecount="2" falsecount="0"/>
      <line num="82" count="2" type="stmt"/>
      <line num="85" count="1" type="stmt"/>
      <line num="87" count="3" type="stmt"/>
      <line num="107" count="9" type="stmt"/>
      <line num="108" count="9" type="stmt"/>
      <line num="109" count="9" type="cond" truecount="4" falsecount="0"/>
      <line num="110" count="4" type="stmt"/>
      <line num="111" count="4" type="stmt"/>
      <line num="112" count="13" type="cond" truecount="2" falsecount="0"/>
      <line num="113" count="2" type="stmt"/>
      <line num="115" count="11" type="stmt"/>
      <line num="117" count="5" type="cond" truecount="4" falsecount="0"/>
      <line num="118" count="4" type="stmt"/>
      <line num="119" count="4" type="stmt"/>
      <line num="120" count="34" type="cond" truecount="2" falsecount="0"/>
      <line num="121" count="2" type="stmt"/>
      <line num="123" count="32" type="stmt"/>
      <line num="126" count="9" type="cond" truecount="2" falsecount="0"/>
      <line num="127" count="8" type="stmt"/>
      <line num="147" count="7" type="cond" truecount="4" falsecount="0"/>
      <line num="148" count="1" type="stmt"/>
      <line num="150" count="6" type="cond" truecount="2" falsecount="0"/>
      <line num="151" count="1" type="stmt"/>
      <line num="153" count="5" type="cond" truecount="2" falsecount="0"/>
      <line num="154" count="1" type="stmt"/>
      <line num="156" count="4" type="stmt"/>
      <line num="157" count="4" type="stmt"/>
      <line num="158" count="4" type="stmt"/>
      <line num="159" count="4" type="stmt"/>
      <line num="160" count="4" type="stmt"/>
      <line num="161" count="4" type="cond" truecount="5" falsecount="0"/>
      <line num="162" count="1" type="stmt"/>
      <line num="163" count="1" type="stmt"/>
      <line num="164" count="1" type="stmt"/>
      <line num="165" count="1" type="stmt"/>
      <line num="167" count="3" type="cond" truecount="5" falsecount="0"/>
      <line num="168" count="1" type="stmt"/>
      <line num="169" count="1" type="stmt"/>
      <line num="170" count="1" type="stmt"/>
      <line num="171" count="1" type="stmt"/>
      <line num="173" count="2" type="cond" truecount="5" falsecount="0"/>
      <line num="174" count="1" type="stmt"/>
      <line num="175" count="1" type="stmt"/>
      <line num="176" count="1" type="stmt"/>
      <line num="177" count="1" type="stmt"/>
      <line num="179" count="1" type="cond" truecount="4" falsecount="1"/>
      <line num="180" count="1" type="stmt"/>
      <line num="181" count="1" type="stmt"/>
      <line num="182" count="1" type="stmt"/>
      <line num="183" count="1" type="stmt"/>
      <line num="185" count="4" type="stmt"/>
      <line num="186" count="4" type="stmt"/>
      <line num="187" count="4" type="stmt"/>
      <line num="191" count="1" type="stmt"/>
    </file>
    <file name="math.js" path="C:\Users\Sam\Documents\Intégration\src\math.js">
      <metrics statements="52" coveredstatements="52" conditionals="34" coveredconditionals="34" methods="6" coveredmethods="6"/>
      <line num="1" count="1" type="stmt"/>
      <line num="2" count="1" type="stmt"/>
      <line num="3" count="11" type="cond" truecount="2" falsecount="0"/>
      <line num="4" count="3" type="stmt"/>
      <line num="7" count="8" type="cond" truecount="2" falsecount="0"/>
      <line num="8" count="1" type="stmt"/>
      <line num="11" count="7" type="cond" truecount="2" falsecount="0"/>
      <line num="12" count="1" type="stmt"/>
      <line num="15" count="6" type="stmt"/>
      <line num="26" count="1" type="stmt"/>
      <line num="27" count="26" type="cond" truecount="4" falsecount="0"/>
      <line num="28" count="2" type="stmt"/>
      <line num="30" count="24" type="cond" truecount="2" falsecount="0"/>
      <line num="31" count="1" type="stmt"/>
      <line num="33" count="23" type="stmt"/>
      <line num="34" count="97" type="cond" truecount="2" falsecount="0"/>
      <line num="35" count="15" type="stmt"/>
      <line num="49" count="1" type="stmt"/>
      <line num="50" count="5" type="stmt"/>
      <line num="51" count="5" type="cond" truecount="2" falsecount="0"/>
      <line num="52" count="4" type="stmt"/>
      <line num="53" count="17" type="cond" truecount="2" falsecount="0"/>
      <line num="54" count="11" type="stmt"/>
      <line num="58" count="5" type="cond" truecount="2" falsecount="0"/>
      <line num="59" count="1" type="stmt"/>
      <line num="61" count="4" type="stmt"/>
      <line num="76" count="1" type="stmt"/>
      <line num="77" count="3" type="stmt"/>
      <line num="78" count="3" type="cond" truecount="2" falsecount="0"/>
      <line num="79" count="1" type="stmt"/>
      <line num="81" count="2" type="stmt"/>
      <line num="82" count="20" type="cond" truecount="2" falsecount="0"/>
      <line num="83" count="19" type="cond" truecount="2" falsecount="0"/>
      <line num="84" count="14" type="cond" truecount="2" falsecount="0"/>
      <line num="85" count="11" type="stmt"/>
      <line num="87" count="2" type="stmt"/>
      <line num="99" count="1" type="stmt"/>
      <line num="100" count="3" type="cond" truecount="2" falsecount="0"/>
      <line num="101" count="2" type="stmt"/>
      <line num="102" count="2" type="stmt"/>
      <line num="103" count="16" type="cond" truecount="2" falsecount="0"/>
      <line num="104" count="1" type="stmt"/>
      <line num="106" count="2" type="stmt"/>
      <line num="121" count="1" type="stmt"/>
      <line num="122" count="3" type="stmt"/>
      <line num="123" count="3" type="stmt"/>
      <line num="124" count="10" type="stmt"/>
      <line num="125" count="10" type="stmt"/>
      <line num="126" count="14" type="cond" truecount="2" falsecount="0"/>
      <line num="127" count="6" type="stmt"/>
      <line num="131" count="3" type="stmt"/>
      <line num="134" count="1" type="stmt"/>
    </file>
  </project>
</coverage>
