{"C:\\Users\\Sam\\Documents\\Intégration\\src\\interval.js": {"path":"C:\\Users\\Sam\\Documents\\Intégration\\src\\interval.js","statementMap":{"0":{"start":{"line":3,"column":4},"end":{"line":3,"column":23}},"1":{"start":{"line":4,"column":4},"end":{"line":4,"column":18}},"2":{"start":{"line":8,"column":4},"end":{"line":8,"column":51}},"3":{"start":{"line":26,"column":4},"end":{"line":26,"column":66}},"4":{"start":{"line":46,"column":4},"end":{"line":46,"column":68}},"5":{"start":{"line":66,"column":19},"end":{"line":66,"column":29}},"6":{"start":{"line":67,"column":17},"end":{"line":67,"column":25}},"7":{"start":{"line":68,"column":4},"end":{"line":73,"column":5}},"8":{"start":{"line":69,"column":6},"end":{"line":69,"column":30}},"9":{"start":{"line":71,"column":9},"end":{"line":73,"column":5}},"10":{"start":{"line":72,"column":6},"end":{"line":72,"column":28}},"11":{"start":{"line":75,"column":4},"end":{"line":80,"column":5}},"12":{"start":{"line":76,"column":6},"end":{"line":76,"column":27}},"13":{"start":{"line":79,"column":6},"end":{"line":79,"column":32}},"14":{"start":{"line":81,"column":4},"end":{"line":86,"column":5}},"15":{"start":{"line":82,"column":6},"end":{"line":82,"column":24}},"16":{"start":{"line":85,"column":6},"end":{"line":85,"column":28}},"17":{"start":{"line":87,"column":4},"end":{"line":87,"column":41}},"18":{"start":{"line":107,"column":19},"end":{"line":107,"column":23}},"19":{"start":{"line":108,"column":17},"end":{"line":108,"column":21}},"20":{"start":{"line":109,"column":4},"end":{"line":125,"column":5}},"21":{"start":{"line":110,"column":6},"end":{"line":110,"column":32}},"22":{"start":{"line":111,"column":6},"end":{"line":116,"column":7}},"23":{"start":{"line":111,"column":19},"end":{"line":111,"column":27}},"24":{"start":{"line":112,"column":8},"end":{"line":114,"column":9}},"25":{"start":{"line":113,"column":10},"end":{"line":113,"column":16}},"26":{"start":{"line":115,"column":8},"end":{"line":115,"column":19}},"27":{"start":{"line":117,"column":10},"end":{"line":125,"column":5}},"28":{"start":{"line":118,"column":6},"end":{"line":118,"column":28}},"29":{"start":{"line":119,"column":6},"end":{"line":124,"column":7}},"30":{"start":{"line":119,"column":18},"end":{"line":119,"column":19}},"31":{"start":{"line":120,"column":8},"end":{"line":122,"column":9}},"32":{"start":{"line":121,"column":10},"end":{"line":121,"column":16}},"33":{"start":{"line":123,"column":8},"end":{"line":123,"column":19}},"34":{"start":{"line":126,"column":4},"end":{"line":126,"column":37}},"35":{"start":{"line":126,"column":25},"end":{"line":126,"column":37}},"36":{"start":{"line":127,"column":4},"end":{"line":127,"column":41}},"37":{"start":{"line":147,"column":4},"end":{"line":149,"column":5}},"38":{"start":{"line":148,"column":6},"end":{"line":148,"column":18}},"39":{"start":{"line":150,"column":4},"end":{"line":155,"column":5}},"40":{"start":{"line":151,"column":6},"end":{"line":151,"column":30}},"41":{"start":{"line":153,"column":9},"end":{"line":155,"column":5}},"42":{"start":{"line":154,"column":6},"end":{"line":154,"column":28}},"43":{"start":{"line":156,"column":21},"end":{"line":156,"column":25}},"44":{"start":{"line":157,"column":21},"end":{"line":157,"column":25}},"45":{"start":{"line":158,"column":19},"end":{"line":158,"column":23}},"46":{"start":{"line":159,"column":19},"end":{"line":159,"column":23}},"47":{"start":{"line":160,"column":16},"end":{"line":160,"column":43}},"48":{"start":{"line":161,"column":4},"end":{"line":184,"column":5}},"49":{"start":{"line":162,"column":6},"end":{"line":162,"column":32}},"50":{"start":{"line":163,"column":6},"end":{"line":163,"column":31}},"51":{"start":{"line":164,"column":6},"end":{"line":164,"column":31}},"52":{"start":{"line":165,"column":6},"end":{"line":165,"column":32}},"53":{"start":{"line":167,"column":9},"end":{"line":184,"column":5}},"54":{"start":{"line":168,"column":6},"end":{"line":168,"column":36}},"55":{"start":{"line":169,"column":6},"end":{"line":169,"column":31}},"56":{"start":{"line":170,"column":6},"end":{"line":170,"column":31}},"57":{"start":{"line":171,"column":6},"end":{"line":171,"column":28}},"58":{"start":{"line":173,"column":9},"end":{"line":184,"column":5}},"59":{"start":{"line":174,"column":6},"end":{"line":174,"column":32}},"60":{"start":{"line":175,"column":6},"end":{"line":175,"column":31}},"61":{"start":{"line":176,"column":6},"end":{"line":176,"column":31}},"62":{"start":{"line":177,"column":6},"end":{"line":177,"column":28}},"63":{"start":{"line":179,"column":9},"end":{"line":184,"column":5}},"64":{"start":{"line":180,"column":6},"end":{"line":180,"column":36}},"65":{"start":{"line":181,"column":6},"end":{"line":181,"column":31}},"66":{"start":{"line":182,"column":6},"end":{"line":182,"column":31}},"67":{"start":{"line":183,"column":6},"end":{"line":183,"column":32}},"68":{"start":{"line":185,"column":15},"end":{"line":185,"column":52}},"69":{"start":{"line":186,"column":15},"end":{"line":186,"column":52}},"70":{"start":{"line":187,"column":4},"end":{"line":187,"column":22}},"71":{"start":{"line":191,"column":0},"end":{"line":191,"column":26}}},"fnMap":{"0":{"name":"(anonymous_0)","decl":{"start":{"line":2,"column":2},"end":{"line":2,"column":3}},"loc":{"start":{"line":2,"column":26},"end":{"line":5,"column":3}},"line":2},"1":{"name":"(anonymous_1)","decl":{"start":{"line":7,"column":2},"end":{"line":7,"column":3}},"loc":{"start":{"line":7,"column":13},"end":{"line":9,"column":3}},"line":7},"2":{"name":"(anonymous_2)","decl":{"start":{"line":25,"column":2},"end":{"line":25,"column":3}},"loc":{"start":{"line":25,"column":21},"end":{"line":27,"column":3}},"line":25},"3":{"name":"(anonymous_3)","decl":{"start":{"line":45,"column":2},"end":{"line":45,"column":3}},"loc":{"start":{"line":45,"column":21},"end":{"line":47,"column":3}},"line":45},"4":{"name":"(anonymous_4)","decl":{"start":{"line":65,"column":2},"end":{"line":65,"column":3}},"loc":{"start":{"line":65,"column":18},"end":{"line":88,"column":3}},"line":65},"5":{"name":"(anonymous_5)","decl":{"start":{"line":106,"column":2},"end":{"line":106,"column":3}},"loc":{"start":{"line":106,"column":25},"end":{"line":128,"column":3}},"line":106},"6":{"name":"(anonymous_6)","decl":{"start":{"line":146,"column":2},"end":{"line":146,"column":3}},"loc":{"start":{"line":146,"column":22},"end":{"line":188,"column":3}},"line":146}},"branchMap":{"0":{"loc":{"start":{"line":26,"column":11},"end":{"line":26,"column":65}},"type":"binary-expr","locations":[{"start":{"line":26,"column":11},"end":{"line":26,"column":36}},{"start":{"line":26,"column":40},"end":{"line":26,"column":65}}],"line":26},"1":{"loc":{"start":{"line":46,"column":12},"end":{"line":46,"column":66}},"type":"binary-expr","locations":[{"start":{"line":46,"column":12},"end":{"line":46,"column":39}},{"start":{"line":46,"column":43},"end":{"line":46,"column":66}}],"line":46},"2":{"loc":{"start":{"line":68,"column":4},"end":{"line":73,"column":5}},"type":"if","locations":[{"start":{"line":68,"column":4},"end":{"line":73,"column":5}},{"start":{"line":68,"column":4},"end":{"line":73,"column":5}}],"line":68},"3":{"loc":{"start":{"line":71,"column":9},"end":{"line":73,"column":5}},"type":"if","locations":[{"start":{"line":71,"column":9},"end":{"line":73,"column":5}},{"start":{"line":71,"column":9},"end":{"line":73,"column":5}}],"line":71},"4":{"loc":{"start":{"line":75,"column":4},"end":{"line":80,"column":5}},"type":"if","locations":[{"start":{"line":75,"column":4},"end":{"line":80,"column":5}},{"start":{"line":75,"column":4},"end":{"line":80,"column":5}}],"line":75},"5":{"loc":{"start":{"line":81,"column":4},"end":{"line":86,"column":5}},"type":"if","locations":[{"start":{"line":81,"column":4},"end":{"line":86,"column":5}},{"start":{"line":81,"column":4},"end":{"line":86,"column":5}}],"line":81},"6":{"loc":{"start":{"line":109,"column":4},"end":{"line":125,"column":5}},"type":"if","locations":[{"start":{"line":109,"column":4},"end":{"line":125,"column":5}},{"start":{"line":109,"column":4},"end":{"line":125,"column":5}}],"line":109},"7":{"loc":{"start":{"line":109,"column":7},"end":{"line":109,"column":63}},"type":"binary-expr","locations":[{"start":{"line":109,"column":7},"end":{"line":109,"column":32}},{"start":{"line":109,"column":36},"end":{"line":109,"column":63}}],"line":109},"8":{"loc":{"start":{"line":112,"column":8},"end":{"line":114,"column":9}},"type":"if","locations":[{"start":{"line":112,"column":8},"end":{"line":114,"column":9}},{"start":{"line":112,"column":8},"end":{"line":114,"column":9}}],"line":112},"9":{"loc":{"start":{"line":117,"column":10},"end":{"line":125,"column":5}},"type":"if","locations":[{"start":{"line":117,"column":10},"end":{"line":125,"column":5}},{"start":{"line":117,"column":10},"end":{"line":125,"column":5}}],"line":117},"10":{"loc":{"start":{"line":117,"column":14},"end":{"line":117,"column":70}},"type":"binary-expr","locations":[{"start":{"line":117,"column":14},"end":{"line":117,"column":39}},{"start":{"line":117,"column":43},"end":{"line":117,"column":70}}],"line":117},"11":{"loc":{"start":{"line":120,"column":8},"end":{"line":122,"column":9}},"type":"if","locations":[{"start":{"line":120,"column":8},"end":{"line":122,"column":9}},{"start":{"line":120,"column":8},"end":{"line":122,"column":9}}],"line":120},"12":{"loc":{"start":{"line":126,"column":4},"end":{"line":126,"column":37}},"type":"if","locations":[{"start":{"line":126,"column":4},"end":{"line":126,"column":37}},{"start":{"line":126,"column":4},"end":{"line":126,"column":37}}],"line":126},"13":{"loc":{"start":{"line":147,"column":4},"end":{"line":149,"column":5}},"type":"if","locations":[{"start":{"line":147,"column":4},"end":{"line":149,"column":5}},{"start":{"line":147,"column":4},"end":{"line":149,"column":5}}],"line":147},"14":{"loc":{"start":{"line":147,"column":8},"end":{"line":147,"column":64}},"type":"binary-expr","locations":[{"start":{"line":147,"column":8},"end":{"line":147,"column":36}},{"start":{"line":147,"column":40},"end":{"line":147,"column":64}}],"line":147},"15":{"loc":{"start":{"line":150,"column":4},"end":{"line":155,"column":5}},"type":"if","locations":[{"start":{"line":150,"column":4},"end":{"line":155,"column":5}},{"start":{"line":150,"column":4},"end":{"line":155,"column":5}}],"line":150},"16":{"loc":{"start":{"line":153,"column":9},"end":{"line":155,"column":5}},"type":"if","locations":[{"start":{"line":153,"column":9},"end":{"line":155,"column":5}},{"start":{"line":153,"column":9},"end":{"line":155,"column":5}}],"line":153},"17":{"loc":{"start":{"line":161,"column":4},"end":{"line":184,"column":5}},"type":"if","locations":[{"start":{"line":161,"column":4},"end":{"line":184,"column":5}},{"start":{"line":161,"column":4},"end":{"line":184,"column":5}}],"line":161},"18":{"loc":{"start":{"line":161,"column":7},"end":{"line":161,"column":87}},"type":"binary-expr","locations":[{"start":{"line":161,"column":8},"end":{"line":161,"column":31}},{"start":{"line":161,"column":35},"end":{"line":161,"column":60}},{"start":{"line":161,"column":65},"end":{"line":161,"column":87}}],"line":161},"19":{"loc":{"start":{"line":167,"column":9},"end":{"line":184,"column":5}},"type":"if","locations":[{"start":{"line":167,"column":9},"end":{"line":184,"column":5}},{"start":{"line":167,"column":9},"end":{"line":184,"column":5}}],"line":167},"20":{"loc":{"start":{"line":167,"column":12},"end":{"line":167,"column":94}},"type":"binary-expr","locations":[{"start":{"line":167,"column":13},"end":{"line":167,"column":37}},{"start":{"line":167,"column":41},"end":{"line":167,"column":67}},{"start":{"line":167,"column":72},"end":{"line":167,"column":94}}],"line":167},"21":{"loc":{"start":{"line":173,"column":9},"end":{"line":184,"column":5}},"type":"if","locations":[{"start":{"line":173,"column":9},"end":{"line":184,"column":5}},{"start":{"line":173,"column":9},"end":{"line":184,"column":5}}],"line":173},"22":{"loc":{"start":{"line":173,"column":12},"end":{"line":173,"column":92}},"type":"binary-expr","locations":[{"start":{"line":173,"column":13},"end":{"line":173,"column":36}},{"start":{"line":173,"column":40},"end":{"line":173,"column":65}},{"start":{"line":173,"column":70},"end":{"line":173,"column":92}}],"line":173},"23":{"loc":{"start":{"line":179,"column":9},"end":{"line":184,"column":5}},"type":"if","locations":[{"start":{"line":179,"column":9},"end":{"line":184,"column":5}},{"start":{"line":179,"column":9},"end":{"line":184,"column":5}}],"line":179},"24":{"loc":{"start":{"line":179,"column":13},"end":{"line":179,"column":96}},"type":"binary-expr","locations":[{"start":{"line":179,"column":14},"end":{"line":179,"column":38}},{"start":{"line":179,"column":42},"end":{"line":179,"column":68}},{"start":{"line":179,"column":73},"end":{"line":179,"column":96}}],"line":179}},"s":{"0":62,"1":62,"2":0,"3":2,"4":4,"5":5,"6":5,"7":5,"8":1,"9":4,"10":1,"11":3,"12":1,"13":2,"14":3,"15":2,"16":1,"17":3,"18":9,"19":9,"20":9,"21":4,"22":4,"23":4,"24":13,"25":2,"26":11,"27":5,"28":4,"29":4,"30":4,"31":34,"32":2,"33":32,"34":9,"35":1,"36":8,"37":7,"38":1,"39":6,"40":1,"41":5,"42":1,"43":4,"44":4,"45":4,"46":4,"47":4,"48":4,"49":1,"50":1,"51":1,"52":1,"53":3,"54":1,"55":1,"56":1,"57":1,"58":2,"59":1,"60":1,"61":1,"62":1,"63":1,"64":1,"65":1,"66":1,"67":1,"68":4,"69":4,"70":4,"71":1},"f":{"0":62,"1":0,"2":2,"3":4,"4":5,"5":9,"6":7},"b":{"0":[2,2],"1":[4,2],"2":[1,4],"3":[1,3],"4":[1,2],"5":[2,1],"6":[4,5],"7":[9,9],"8":[2,11],"9":[4,1],"10":[5,4],"11":[2,32],"12":[1,8],"13":[1,6],"14":[7,1],"15":[1,5],"16":[1,4],"17":[1,3],"18":[4,4,2],"19":[1,2],"20":[3,3,2],"21":[1,1],"22":[2,2,1],"23":[1,0],"24":[1,1,1]},"_coverageSchema":"43e27e138ebf9cfc5966b082cf9a028302ed4184","hash":"b199dd3b74e5720dfdeadbf81b9c2a584897810c"}
}
