TN:
SF:C:\Users\Sam\Documents\Intégration\src\book.repository.js
FN:6,(anonymous_0)
FN:10,(anonymous_1)
FN:17,(anonymous_2)
FN:24,(anonymous_3)
FN:37,(anonymous_4)
FN:69,(anonymous_5)
FNF:6
FNH:5
FNDA:6,(anonymous_0)
FNDA:1,(anonymous_1)
FNDA:1,(anonymous_2)
FNDA:1,(anonymous_3)
FNDA:3,(anonymous_4)
FNDA:0,(anonymous_5)
DA:7,6
DA:11,1
DA:18,1
DA:25,1
DA:26,1
DA:27,1
DA:28,1
DA:30,1
DA:38,3
DA:39,1
DA:41,2
DA:42,2
DA:43,1
DA:46,1
DA:76,1
LF:15
LH:15
BRDA:38,0,0,1
BRDA:38,0,1,2
BRDA:42,1,0,1
BRDA:42,1,1,1
BRF:4
BRH:4
end_of_record
