TN:
SF:C:\Users\Sam\Documents\Intégration\src\interval.js
FN:2,(anonymous_0)
FN:7,(anonymous_1)
FN:25,(anonymous_2)
FN:45,(anonymous_3)
FN:65,(anonymous_4)
FN:106,(anonymous_5)
FN:146,(anonymous_6)
FNF:7
FNH:6
FNDA:62,(anonymous_0)
FNDA:0,(anonymous_1)
FNDA:2,(anonymous_2)
FNDA:4,(anonymous_3)
FNDA:5,(anonymous_4)
FNDA:9,(anonymous_5)
FNDA:7,(anonymous_6)
DA:3,62
DA:4,62
DA:8,0
DA:26,2
DA:46,4
DA:66,5
DA:67,5
DA:68,5
DA:69,1
DA:71,4
DA:72,1
DA:75,3
DA:76,1
DA:79,2
DA:81,3
DA:82,2
DA:85,1
DA:87,3
DA:107,9
DA:108,9
DA:109,9
DA:110,4
DA:111,4
DA:112,13
DA:113,2
DA:115,11
DA:117,5
DA:118,4
DA:119,4
DA:120,34
DA:121,2
DA:123,32
DA:126,9
DA:127,8
DA:147,7
DA:148,1
DA:150,6
DA:151,1
DA:153,5
DA:154,1
DA:156,4
DA:157,4
DA:158,4
DA:159,4
DA:160,4
DA:161,4
DA:162,1
DA:163,1
DA:164,1
DA:165,1
DA:167,3
DA:168,1
DA:169,1
DA:170,1
DA:171,1
DA:173,2
DA:174,1
DA:175,1
DA:176,1
DA:177,1
DA:179,1
DA:180,1
DA:181,1
DA:182,1
DA:183,1
DA:185,4
DA:186,4
DA:187,4
DA:191,1
LF:69
LH:68
BRDA:26,0,0,2
BRDA:26,0,1,2
BRDA:46,1,0,4
BRDA:46,1,1,2
BRDA:68,2,0,1
BRDA:68,2,1,4
BRDA:71,3,0,1
BRDA:71,3,1,3
BRDA:75,4,0,1
BRDA:75,4,1,2
BRDA:81,5,0,2
BRDA:81,5,1,1
BRDA:109,6,0,4
BRDA:109,6,1,5
BRDA:109,7,0,9
BRDA:109,7,1,9
BRDA:112,8,0,2
BRDA:112,8,1,11
BRDA:117,9,0,4
BRDA:117,9,1,1
BRDA:117,10,0,5
BRDA:117,10,1,4
BRDA:120,11,0,2
BRDA:120,11,1,32
BRDA:126,12,0,1
BRDA:126,12,1,8
BRDA:147,13,0,1
BRDA:147,13,1,6
BRDA:147,14,0,7
BRDA:147,14,1,1
BRDA:150,15,0,1
BRDA:150,15,1,5
BRDA:153,16,0,1
BRDA:153,16,1,4
BRDA:161,17,0,1
BRDA:161,17,1,3
BRDA:161,18,0,4
BRDA:161,18,1,4
BRDA:161,18,2,2
BRDA:167,19,0,1
BRDA:167,19,1,2
BRDA:167,20,0,3
BRDA:167,20,1,3
BRDA:167,20,2,2
BRDA:173,21,0,1
BRDA:173,21,1,1
BRDA:173,22,0,2
BRDA:173,22,1,2
BRDA:173,22,2,1
BRDA:179,23,0,1
BRDA:179,23,1,0
BRDA:179,24,0,1
BRDA:179,24,1,1
BRDA:179,24,2,1
BRF:54
BRH:53
end_of_record
